<?xml version="1.0" encoding="UTF-8"?>
<!-- Generated by org.testng.reporters.JUnitReportReporter -->
<testsuite hostname="LAPTOP-GGLBD97Q" failures="0" tests="3" name="tesngpack.TestNGClass" time="0.008" errors="0" timestamp="2021-10-13T09:42:01 IST" skipped="0">
  <testcase classname="tesngpack.TestNGClass" name="test1" time="0.006"/>
  <system-out/>
  <testcase classname="tesngpack.TestNGClass" name="test1" time="0.001"/>
  <system-out/>
  <testcase classname="tesngpack.TestNGClass" name="test3" time="0.001"/>
  <system-out/>
</testsuite> <!-- tesngpack.TestNGClass -->
